<?xml version="1.0" encoding="UTF-8" ?>
<testsuite errors="1" failures="0" hostname="ht" name="test.Testing" skipped="0" tests="1" time="0.0" timestamp="2020-12-17T09:33:26">
  <properties>
    <property name="ant.library.dir" value="C:\Users\User\.p2\pool\plugins\org.apache.ant_1.10.7.v20190926-0324\lib" />
    <property name="env.NUMBER_OF_PROCESSORS" value="8" />
    <property name="java.specification.version" value="15" />
    <property name="env.USERPROFILE" value="C:\Users\User" />
    <property name="ant.project.name" value="frogger" />
    <property name="sun.cpu.isalist" value="amd64" />
    <property name="sun.jnu.encoding" value="Cp1252" />
    <property name="osgi.nl" value="en_MY" />
    <property name="osgi.syspath" value="c:\Users\User\.p2\pool\plugins" />
    <property name="sun.arch.data.model" value="64" />
    <property name="osgi.instance.area.default" value="file:/C:/Users/User/eclipse-workspace/" />
    <property name="equinox.init.uuid" value="true" />
    <property name="debuglevel" value="source,lines,vars" />
    <property name="env.FPS_BROWSER_APP_PROFILE_STRING" value="Internet Explorer" />
    <property name="eclipse.vmargs" value="-Dosgi.requiredJavaVersion=1.8&#xa;-Dosgi.instance.area.default=@user.home/eclipse-workspace&#xa;-XX:+UseG1GC&#xa;-XX:+UseStringDeduplication&#xa;--add-modules=ALL-SYSTEM&#xa;-Dosgi.requiredJavaVersion=1.8&#xa;-Dosgi.dataAreaRequiresExplicitInit=true&#xa;-Xms256m&#xa;-Xmx1024m&#xa;--add-modules=ALL-SYSTEM&#xa;-Declipse.p2.max.threads=10&#xa;-Doomph.update.url=http://download.eclipse.org/oomph/updates/milestone/latest&#xa;-Doomph.redirection.index.redirection=index:/-&gt;http://git.eclipse.org/c/oomph/org.eclipse.oomph.git/plain/setups/&#xa;-jar&#xa;D:\Users\User\eclipse\java-2019-12\eclipse\\plugins/org.eclipse.equinox.launcher_1.5.600.v20191014-2022.jar&#xa;" />
    <property name="ds.delayed.keepInstances.default" value="true" />
    <property name="env.CommonProgramW6432" value="C:\Program Files\Common Files" />
    <property name="java.vendor.url" value="https://java.oracle.com/" />
    <property name="org.osgi.framework.system.capabilities" value="osgi.ee; osgi.ee=&quot;OSGi/Minimum&quot;; version:List&lt;Version&gt;=&quot;1.0, 1.1, 1.2&quot;, osgi.ee; osgi.ee=&quot;JRE&quot;; version:List&lt;Version&gt;=&quot;1.0, 1.1&quot;, osgi.ee; osgi.ee=&quot;JavaSE&quot;; version:List&lt;Version&gt;=&quot;1.0, 1.1, 1.2, 1.3, 1.4, 1.5, 1.6, 1.7, 1.8, 9.0, 10.0, 11.0, 12.0, 13.0, 14.0, 15.0&quot;,osgi.ee; osgi.ee=&quot;JavaSE/compact1&quot;; version:List&lt;Version&gt;=&quot;1.8, 9.0, 10.0, 11.0, 12.0, 13.0, 14.0, 15.0&quot;,osgi.ee; osgi.ee=&quot;JavaSE/compact2&quot;; version:List&lt;Version&gt;=&quot;1.8, 9.0, 10.0, 11.0, 12.0, 13.0, 14.0, 15.0&quot;,osgi.ee; osgi.ee=&quot;JavaSE/compact3&quot;; version:List&lt;Version&gt;=&quot;1.8, 9.0, 10.0, 11.0, 12.0, 13.0, 14.0, 15.0&quot;" />
    <property name="env.OS" value="Windows_NT" />
    <property name="sun.boot.library.path" value="C:\Program Files\Java\jdk-15\bin" />
    <property name="sun.java.command" value="org.apache.tools.ant.taskdefs.optional.junit.JUnitTestRunner test.Testing skipNonTests=false filtertrace=true haltOnError=false haltOnFailure=false formatter=org.apache.tools.ant.taskdefs.optional.junit.OutErrSummaryJUnitResultFormatter showoutput=false outputtoformatters=true logfailedtests=true threadid=0 logtestlistenerevents=false formatter=org.apache.tools.ant.taskdefs.optional.junit.XMLJUnitResultFormatter,D:\Users\User\eclipse-workspace\frogger\junit\TEST-test.Testing.xml crashfile=D:\Users\User\eclipse-workspace\frogger\junitvmwatcher8061336024221034053.properties propsfile=D:\Users\User\eclipse-workspace\frogger\junit16105009255759267205.properties" />
    <property name="jdk.debug" value="release" />
    <property name="org.eclipse.equinox.launcher.splash.location" value="C:\Users\User\.p2\pool\plugins\org.eclipse.epp.package.common_4.14.0.20191212-1200\splash.bmp" />
    <property name="org.osgi.supports.framework.requirebundle" value="true" />
    <property name="env.ComSpec" value="C:\WINDOWS\system32\cmd.exe" />
    <property name="osgi.arch" value="x86_64" />
    <property name="eclipse.pdebuild.templates" value="C:\Users\User\.p2\pool\plugins\org.eclipse.pde.build_3.10.800.v20200410-1419\templates" />
    <property name="org.eclipse.equinox.simpleconfigurator.configUrl" value="file:org.eclipse.equinox.simpleconfigurator/bundles.info" />
    <property name="org.osgi.framework.language" value="en" />
    <property name="java.specification.vendor" value="Oracle Corporation" />
    <property name="org.osgi.framework.system.packages" value="com.sun.jarsigner, com.sun.java.accessibility.util, com.sun.jdi, com.sun.jdi.connect, com.sun.jdi.connect.spi, com.sun.jdi.event, com.sun.jdi.request, com.sun.management, com.sun.net.httpserver, com.sun.net.httpserver.spi, com.sun.nio.file, com.sun.nio.sctp, com.sun.security.auth, com.sun.security.auth.callback, com.sun.security.auth.login, com.sun.security.auth.module, com.sun.security.jgss, com.sun.source.doctree, com.sun.source.tree, com.sun.source.util, com.sun.tools.attach, com.sun.tools.attach.spi, com.sun.tools.javac, com.sun.tools.jconsole, java.applet, java.awt, java.awt.color, java.awt.datatransfer, java.awt.desktop, java.awt.dnd, java.awt.event, java.awt.font, java.awt.geom, java.awt.im, java.awt.im.spi, java.awt.image, java.awt.image.renderable, java.awt.print, java.beans, java.beans.beancontext, java.io, java.lang, java.lang.annotation, java.lang.constant, java.lang.instrument, java.lang.invoke, java.lang.management, java.lang.module, java.lang.ref, java.lang.reflect, java.lang.runtime, java.math, java.net, java.net.http, java.net.spi, java.nio, java.nio.channels, java.nio.channels.spi, java.nio.charset, java.nio.charset.spi, java.nio.file, java.nio.file.attribute, java.nio.file.spi, java.rmi, java.rmi.activation, java.rmi.dgc, java.rmi.registry, java.rmi.server, java.security, java.security.cert, java.security.interfaces, java.security.spec, java.sql, java.text, java.text.spi, java.time, java.time.chrono, java.time.format, java.time.temporal, java.time.zone, java.util, java.util.concurrent, java.util.concurrent.atomic, java.util.concurrent.locks, java.util.function, java.util.jar, java.util.logging, java.util.prefs, java.util.regex, java.util.spi, java.util.stream, java.util.zip, javax.accessibility, javax.annotation.processing, javax.crypto, javax.crypto.interfaces, javax.crypto.spec, javax.imageio, javax.imageio.event, javax.imageio.metadata, javax.imageio.plugins.bmp, javax.imageio.plugins.jpeg, javax.imageio.plugins.tiff, javax.imageio.spi, javax.imageio.stream, javax.lang.model, javax.lang.model.element, javax.lang.model.type, javax.lang.model.util, javax.management, javax.management.loading, javax.management.modelmbean, javax.management.monitor, javax.management.openmbean, javax.management.relation, javax.management.remote, javax.management.remote.rmi, javax.management.timer, javax.naming, javax.naming.directory, javax.naming.event, javax.naming.ldap, javax.naming.ldap.spi, javax.naming.spi, javax.net, javax.net.ssl, javax.print, javax.print.attribute, javax.print.attribute.standard, javax.print.event, javax.rmi.ssl, javax.script, javax.security.auth, javax.security.auth.callback, javax.security.auth.kerberos, javax.security.auth.login, javax.security.auth.spi, javax.security.auth.x500, javax.security.cert, javax.security.sasl, javax.smartcardio, javax.sound.midi, javax.sound.midi.spi, javax.sound.sampled, javax.sound.sampled.spi, javax.sql, javax.sql.rowset, javax.sql.rowset.serial, javax.sql.rowset.spi, javax.swing, javax.swing.border, javax.swing.colorchooser, javax.swing.event, javax.swing.filechooser, javax.swing.plaf, javax.swing.plaf.basic, javax.swing.plaf.metal, javax.swing.plaf.multi, javax.swing.plaf.nimbus, javax.swing.plaf.synth, javax.swing.table, javax.swing.text, javax.swing.text.html, javax.swing.text.html.parser, javax.swing.text.rtf, javax.swing.tree, javax.swing.undo, javax.tools, javax.transaction.xa, javax.xml, javax.xml.catalog, javax.xml.crypto, javax.xml.crypto.dom, javax.xml.crypto.dsig, javax.xml.crypto.dsig.dom, javax.xml.crypto.dsig.keyinfo, javax.xml.crypto.dsig.spec, javax.xml.datatype, javax.xml.namespace, javax.xml.parsers, javax.xml.stream, javax.xml.stream.events, javax.xml.stream.util, javax.xml.transform, javax.xml.transform.dom, javax.xml.transform.sax, javax.xml.transform.stax, javax.xml.transform.stream, javax.xml.validation, javax.xml.xpath, jdk.dynalink, jdk.dynalink.beans, jdk.dynalink.linker, jdk.dynalink.linker.support, jdk.dynalink.support, jdk.incubator.foreign, jdk.javadoc.doclet, jdk.jfr, jdk.jfr.consumer, jdk.jshell, jdk.jshell.execution, jdk.jshell.spi, jdk.jshell.tool, jdk.management.jfr, jdk.net, jdk.nio, jdk.nio.mapmode, jdk.security.jarsigner, jdk.swing.interop, netscape.javascript, org.ietf.jgss, org.w3c.dom, org.w3c.dom.bootstrap, org.w3c.dom.css, org.w3c.dom.events, org.w3c.dom.html, org.w3c.dom.ls, org.w3c.dom.ranges, org.w3c.dom.stylesheets, org.w3c.dom.traversal, org.w3c.dom.views, org.w3c.dom.xpath, org.xml.sax, org.xml.sax.ext, org.xml.sax.helpers, sun.misc, sun.reflect" />
    <property name="gosh.args" value="--nointeractive" />
    <property name="eclipse.application" value="org.eclipse.ui.ide.workbench" />
    <property name="eclipse.launcher.name" value="Eclipse" />
    <property name="java.version.date" value="2020-09-15" />
    <property name="env.JAVA_HOME" value="C:\Program Files\Java\jdk-15" />
    <property name="env.STACK_ROOT" value="C:\sr" />
    <property name="java.home" value="C:\Program Files\Java\jdk-15" />
    <property name="env.ProgramFiles" value="C:\Program Files" />
    <property name="basedir" value="D:\Users\User\eclipse-workspace\frogger" />
    <property name="file.separator" value="\" />
    <property name="java.vm.compressedOopsMode" value="32-bit" />
    <property name="line.separator" value="&#xd;&#xa;" />
    <property name="org.osgi.framework.executionenvironment" value="OSGi/Minimum-1.0, OSGi/Minimum-1.1, OSGi/Minimum-1.2, JavaSE/compact1-1.8, JavaSE/compact2-1.8, JavaSE/compact3-1.8, JRE-1.1, J2SE-1.2, J2SE-1.3, J2SE-1.4, J2SE-1.5, JavaSE-1.6, JavaSE-1.7, JavaSE-1.8, JavaSE-9, JavaSE-10, JavaSE-11, JavaSE-12, JavaSE-13, JavaSE-14, JavaSE-15" />
    <property name="java.vm.specification.vendor" value="Oracle Corporation" />
    <property name="java.specification.name" value="Java Platform API Specification" />
    <property name="osgi.compatibility.bootdelegation.default" value="true" />
    <property name="eclipse.buildId" value="4.14.0.I20191210-0610" />
    <property name="env.LOCALAPPDATA" value="C:\Users\User\AppData\Local" />
    <property name="env.USERDOMAIN_ROAMINGPROFILE" value="HT" />
    <property name="env.PROCESSOR_REVISION" value="8e0b" />
    <property name="env.PSModulePath" value="C:\Program Files\WindowsPowerShell\Modules;C:\WINDOWS\system32\WindowsPowerShell\v1.0\Modules" />
    <property name="user.script" value="" />
    <property name="sun.management.compiler" value="HotSpot 64-Bit Tiered Compilers" />
    <property name="env.PROCESSOR_IDENTIFIER" value="Intel64 Family 6 Model 142 Stepping 11, GenuineIntel" />
    <property name="java.runtime.version" value="15+36-1562" />
    <property name="org.eclipse.swt.internal.deviceZoom" value="100" />
    <property name="user.name" value="User" />
    <property name="ant.file.frogger" value="D:\Users\User\eclipse-workspace\frogger\build.xml" />
    <property name="env.DriverData" value="C:\Windows\System32\Drivers\DriverData" />
    <property name="env.ProgramW6432" value="C:\Program Files" />
    <property name="env.CommonProgramFiles" value="C:\Program Files\Common Files" />
    <property name="osgi.framework.useSystemProperties" value="true" />
    <property name="org.osgi.framework.vendor" value="Eclipse" />
    <property name="env.PUBLIC" value="C:\Users\Public" />
    <property name="file.encoding" value="Cp1252" />
    <property name="guice.disable.misplaced.annotation.check" value="true" />
    <property name="oomph.redirection.index.redirection" value="index:/-&gt;http://git.eclipse.org/c/oomph/org.eclipse.oomph.git/plain/setups/" />
    <property name="env.COMPUTERNAME" value="HT" />
    <property name="osgi.framework.extensions" value="reference:file:org.eclipse.osgi.compatibility.state_1.1.600.v20190814-1451.jar,reference:file:org.eclipse.fx.osgi_1.2.0.201501301028.jar" />
    <property name="env.HOMEPATH" value="\Users\User" />
    <property name="env.SystemDrive" value="C:" />
    <property name="env.APPDATA" value="C:\Users\User\AppData\Roaming" />
    <property name="env.ProgramData" value="C:\ProgramData" />
    <property name="java.io.tmpdir" value="C:\Users\User\AppData\Local\Temp\" />
    <property name="eclipse.home.location" value="file:/D:/Users/User/eclipse/java-2019-12/eclipse/" />
    <property name="java.version" value="15" />
    <property name="env.HOMEDRIVE" value="C:" />
    <property name="env.Path" value="C:\Program Files\Common Files\Oracle\Java\javapath;C:\Python38\Scripts\;C:\Python38\;C:\Program Files\Haskell\bin;D:\Program Files\Haskell Platform\8.6.5\lib\extralibs\bin;D:\Program Files\Haskell Platform\8.6.5\bin;C:\MinGW\bin;C:\WINDOWS;C:\WINDOWS\System32\Wbem;C:\WINDOWS\System32\WindowsPowerShell\v1.0\;C:\mingw32\Bin;C:\Program Files\PuTTY\;D:\Program Files\Haskell Platform\8.6.5\mingw\bin;D:\Program Files\MATLAB\R2019b\runtime\win64;D:\Program Files\MATLAB\R2019b\bin;C:\ProgramData\chocolatey\bin;C:\Program Files\Java\jdk-15\bin;C:\Users\User\AppData\Local\Android\Sdk\platform-tools;D:\Program Files (x86)\Yarn\bin\;C:\WINDOWS\system32;C:\WINDOWS\System32\OpenSSH\;D:\Program Files\nodejs\;C:\Program Files\Git\cmd;C:\Users\User\AppData\Roaming\cabal\bin;D:\Users\User\AppData\Roaming\local\bin;D:\Users\User\AppData\Local\Programs\Microsoft VS Code\bin;C:\Users\User\AppData\Local\Yarn\bin;C:\Windows\System32;D:\Program Files\nodejs;C:\Users\User\AppData\Local\Microsoft\WindowsApps;C:\Users\User\AppData\Roaming\npm;" />
    <property name="env.PROCESSOR_LEVEL" value="6" />
    <property name="env.TMP" value="C:\Users\User\AppData\Local\Temp" />
    <property name="osgi.bundles.defaultStartLevel" value="4" />
    <property name="java.vm.specification.name" value="Java Virtual Machine Specification" />
    <property name="env.ANDROID_HOME" value="C:\Users\User\AppData\Local\Android\Sdk" />
    <property name="ant.home" value="C:\Users\User\.p2\pool\plugins\org.apache.ant_1.10.7.v20190926-0324" />
    <property name="sun.os.patch.level" value="" />
    <property name="junit.output.dir" value="junit" />
    <property name="ant.version" value="Apache Ant(TM) version 1.10.7 compiled on September 1 2019" />
    <property name="eclipse.running" value="true" />
    <property name="eclipse.pdebuild.scripts" value="C:\Users\User\.p2\pool\plugins\org.eclipse.pde.build_3.10.800.v20200410-1419\scripts" />
    <property name="java.library.path" value="C:\Program Files\Java\jdk-15\bin;C:\WINDOWS\Sun\Java\bin;C:\WINDOWS\system32;C:\WINDOWS;C:\Program Files\Common Files\Oracle\Java\javapath;C:\Python38\Scripts\;C:\Python38\;C:\Program Files\Haskell\bin;D:\Program Files\Haskell Platform\8.6.5\lib\extralibs\bin;D:\Program Files\Haskell Platform\8.6.5\bin;C:\MinGW\bin;C:\WINDOWS;C:\WINDOWS\System32\Wbem;C:\WINDOWS\System32\WindowsPowerShell\v1.0\;C:\mingw32\Bin;C:\Program Files\PuTTY\;D:\Program Files\Haskell Platform\8.6.5\mingw\bin;D:\Program Files\MATLAB\R2019b\runtime\win64;D:\Program Files\MATLAB\R2019b\bin;C:\ProgramData\chocolatey\bin;C:\Program Files\Java\jdk-15\bin;C:\Users\User\AppData\Local\Android\Sdk\platform-tools;D:\Program Files (x86)\Yarn\bin\;C:\WINDOWS\system32;C:\WINDOWS\System32\OpenSSH\;D:\Program Files\nodejs\;C:\Program Files\Git\cmd;C:\Users\User\AppData\Roaming\cabal\bin;D:\Users\User\AppData\Roaming\local\bin;D:\Users\User\AppData\Local\Programs\Microsoft VS Code\bin;C:\Users\User\AppData\Local\Yarn\bin;C:\Windows\System32;D:\Program Files\nodejs;C:\Users\User\AppData\Local\Microsoft\WindowsApps;C:\Users\User\AppData\Roaming\npm;;." />
    <property name="java.vendor" value="Oracle Corporation" />
    <property name="env.LOGONSERVER" value="\\HT" />
    <property name="osgi.requiredJavaVersion" value="1.8" />
    <property name="org.eclipse.debug.ui.breakpoints.toggleFactoriesUsed" value="false" />
    <property name="sun.io.unicode.encoding" value="UnicodeLittle" />
    <property name="env.ChocolateyInstall" value="C:\ProgramData\chocolatey" />
    <property name="eclipse.stateSaveDelayInterval" value="30000" />
    <property name="org.osgi.framework.version" value="1.9.0" />
    <property name="java.class.path" value="D:\Users\User\eclipse-workspace\frogger\bin;D:\Program Files\openjfx-11.0.2_windows-x64_bin-sdk\javafx-sdk-11.0.2\lib\javafx.base.jar;D:\Program Files\openjfx-11.0.2_windows-x64_bin-sdk\javafx-sdk-11.0.2\lib\javafx.controls.jar;D:\Program Files\openjfx-11.0.2_windows-x64_bin-sdk\javafx-sdk-11.0.2\lib\javafx.fxml.jar;D:\Program Files\openjfx-11.0.2_windows-x64_bin-sdk\javafx-sdk-11.0.2\lib\javafx.graphics.jar;D:\Program Files\openjfx-11.0.2_windows-x64_bin-sdk\javafx-sdk-11.0.2\lib\javafx.media.jar;D:\Program Files\openjfx-11.0.2_windows-x64_bin-sdk\javafx-sdk-11.0.2\lib\javafx.swing.jar;D:\Program Files\openjfx-11.0.2_windows-x64_bin-sdk\javafx-sdk-11.0.2\lib\javafx.web.jar;D:\Program Files\openjfx-11.0.2_windows-x64_bin-sdk\javafx-sdk-11.0.2\lib\javafx-swt.jar;C:\Users\User\.p2\pool\plugins\org.junit.jupiter.api_5.5.1.v20190826-0900.jar;C:\Users\User\.p2\pool\plugins\org.junit.jupiter.engine_5.5.1.v20190826-0900.jar;C:\Users\User\.p2\pool\plugins\org.junit.jupiter.migrationsupport_5.5.1.v20190826-0900.jar;C:\Users\User\.p2\pool\plugins\org.junit.jupiter.params_5.5.1.v20190826-0900.jar;C:\Users\User\.p2\pool\plugins\org.junit.platform.commons_1.5.1.v20190826-0900.jar;C:\Users\User\.p2\pool\plugins\org.junit.platform.engine_1.5.1.v20190826-0900.jar;C:\Users\User\.p2\pool\plugins\org.junit.platform.launcher_1.5.1.v20190826-0900.jar;C:\Users\User\.p2\pool\plugins\org.junit.platform.runner_1.5.1.v20190826-0900.jar;C:\Users\User\.p2\pool\plugins\org.junit.platform.suite.api_1.5.1.v20190826-0900.jar;C:\Users\User\.p2\pool\plugins\org.junit.vintage.engine_5.5.1.v20190826-0900.jar;C:\Users\User\.p2\pool\plugins\org.opentest4j_1.2.0.v20190826-0900.jar;C:\Users\User\.p2\pool\plugins\org.apiguardian_1.1.0.v20190826-0900.jar;C:\Users\User\.p2\pool\plugins\org.junit_4.12.0.v201504281640\junit.jar;C:\Users\User\.p2\pool\plugins\org.hamcrest.core_1.3.0.v20180420-1519.jar;D:\Users\User\eclipse-workspace\frogger;C:\Users\User\.p2\pool\plugins\org.apache.ant_1.10.7.v20190926-0324\lib\ant-launcher.jar;C:\Users\User\.p2\pool\plugins\org.apache.ant_1.10.7.v20190926-0324\lib\ant.jar;C:\Users\User\.p2\pool\plugins\org.apache.ant_1.10.7.v20190926-0324\lib\ant-junit.jar;C:\Users\User\.p2\pool\plugins\org.apache.ant_1.10.7.v20190926-0324\lib\ant-junit4.jar" />
    <property name="source" value="13" />
    <property name="env.ChocolateyLastPathUpdate" value="132445435186504328" />
    <property name="java.vm.vendor" value="Oracle Corporation" />
    <property name="env.PROCESSOR_ARCHITECTURE" value="AMD64" />
    <property name="env.CLASSPATH" value=".;" />
    <property name="user.variant" value="" />
    <property name="user.timezone" value="Asia/Kuala_Lumpur" />
    <property name="org.osgi.framework.uuid" value="42eb1471-a7eb-462d-b82a-a9c71015c89b" />
    <property name="env.SystemRoot" value="C:\WINDOWS" />
    <property name="org.osgi.framework.processor" value="x86-64" />
    <property name="os.name" value="Windows 10" />
    <property name="java.vm.specification.version" value="15" />
    <property name="user.country" value="MY" />
    <property name="sun.java.launcher" value="SUN_STANDARD" />
    <property name="oomph.update.url" value="http://download.eclipse.org/oomph/updates/milestone/latest" />
    <property name="env.USERDOMAIN" value="HT" />
    <property name="env.=::" value="::\" />
    <property name="sun.cpu.endian" value="little" />
    <property name="osgi.logfile" value="D:\Users\User\eclipse-workspace\.metadata\.log" />
    <property name="osgi.install.area" value="file:/D:/Users/User/eclipse/java-2019-12/eclipse/" />
    <property name="user.home" value="C:\Users\User" />
    <property name="user.language" value="en" />
    <property name="maven.defaultProjectBuilder.disableGlobalModelCache" value="true" />
    <property name="osgi.tracefile" value="D:\Users\User\eclipse-workspace\.metadata\trace.log" />
    <property name="ant.file.type.frogger" value="file" />
    <property name="eclipse.pdebuild.home" value="C:\Users\User\.p2\pool\plugins\org.eclipse.pde.build_3.10.800.v20200410-1419\." />
    <property name="eclipse.home" value="D:\Users\User\eclipse\java-2019-12\eclipse" />
    <property name="env.ALLUSERSPROFILE" value="C:\ProgramData" />
    <property name="ant.java.version" value="15" />
    <property name="env.SESSIONNAME" value="Console" />
    <property name="ds.delayed.keepInstances" value="true" />
    <property name="eclipse.product" value="org.eclipse.epp.package.java.product" />
    <property name="eclipse.vm" value="C:\Program Files\Common Files\Oracle\Java\javapath\javaw.exe" />
    <property name="env.windir" value="C:\WINDOWS" />
    <property name="eclipse.commands" value="-os&#xa;win32&#xa;-ws&#xa;win32&#xa;-arch&#xa;x86_64&#xa;-showsplash&#xa;C:\Users\User\.p2\pool\plugins\org.eclipse.epp.package.common_4.14.0.20191212-1200\splash.bmp&#xa;-launcher&#xa;D:\Users\User\eclipse\java-2019-12\eclipse\eclipse.exe&#xa;-name&#xa;Eclipse&#xa;--launcher.library&#xa;C:/Users/User/.p2/pool/plugins/org.eclipse.equinox.launcher.win32.win32.x86_64_1.1.1100.v20190907-0426\eclipse_1902.dll&#xa;-startup&#xa;D:\Users\User\eclipse\java-2019-12\eclipse\\plugins/org.eclipse.equinox.launcher_1.5.600.v20191014-2022.jar&#xa;--launcher.appendVmargs&#xa;-exitdata&#xa;38fc_148&#xa;-product&#xa;org.eclipse.epp.package.java.product&#xa;-vm&#xa;C:\Program Files\Common Files\Oracle\Java\javapath\javaw.exe&#xa;" />
    <property name="ant.file" value="D:\Users\User\eclipse-workspace\frogger\build.xml" />
    <property name="path.separator" value=";" />
    <property name="eclipse.p2.max.threads" value="10" />
    <property name="osgi.compatibility.bootdelegation" value="true" />
    <property name="os.version" value="10.0" />
    <property name="env.CommonProgramFiles(x86)" value="C:\Program Files (x86)\Common Files" />
    <property name="java.runtime.name" value="Java(TM) SE Runtime Environment" />
    <property name="env.PATHEXT" value=".COM;.EXE;.BAT;.CMD;.VBS;.VBE;.JS;.JSE;.WSF;.WSH;.MSC;.PY;.PYW" />
    <property name="org.osgi.supports.framework.fragment" value="true" />
    <property name="osgi.bundles" value="reference:file:org.eclipse.osgi.compatibility.state_1.1.600.v20190814-1451.jar,reference:file:org.eclipse.fx.osgi_1.2.0.201501301028.jar,reference:file:org.eclipse.equinox.simpleconfigurator_1.3.400.v20191015-1836.jar@1:start" />
    <property name="ant.project.invoked-targets" value="Testing.getterWithoutSetterTest" />
    <property name="osgi.framework.shape" value="jar" />
    <property name="eclipse.p2.profile" value="D__Users_User_eclipse_java-2019-12_eclipse" />
    <property name="java.vm.name" value="Java HotSpot(TM) 64-Bit Server VM" />
    <property name="osgi.framework" value="file:/C:/Users/User/.p2/pool/plugins/org.eclipse.osgi_3.15.100.v20191114-1701.jar" />
    <property name="ECLIPSE_HOME" value="../../eclipse/java-2019-12/eclipse/" />
    <property name="osgi.configuration.area" value="file:/D:/Users/User/eclipse/java-2019-12/eclipse/configuration/" />
    <property name="osgi.dataAreaRequiresExplicitInit" value="true" />
    <property name="osgi.os" value="win32" />
    <property name="ant.core.lib" value="C:\Users\User\.p2\pool\plugins\org.apache.ant_1.10.7.v20190926-0324\lib\ant.jar" />
    <property name="java.vendor.url.bug" value="https://bugreport.java.com/bugreport/" />
    <property name="osgi.splashLocation" value="C:\Users\User\.p2\pool\plugins\org.eclipse.epp.package.common_4.14.0.20191212-1200\splash.bmp" />
    <property name="org.osgi.framework.os.name" value="Windows10" />
    <property name="org.eclipse.m2e.log.dir" value="D:\Users\User\eclipse-workspace\.metadata\.plugins\org.eclipse.m2e.logback.configuration" />
    <property name="applicationXMI" value="org.eclipse.ui.workbench/LegacyIDE.e4xmi" />
    <property name="osgi.splashPath" value="file:/C:/Users/User/.p2/pool/plugins/org.eclipse.platform_4.14.0.v20191210-0610" />
    <property name="org.osgi.supports.framework.extension" value="true" />
    <property name="org.osgi.framework.storage" value="D:\Users\User\eclipse\java-2019-12\eclipse\configuration" />
    <property name="user.dir" value="C:\WINDOWS\System32" />
    <property name="os.arch" value="amd64" />
    <property name="env.USERNAME" value="User" />
    <property name="osgi.ws" value="win32" />
    <property name="osgi.instance.area" value="file:/D:/Users/User/eclipse-workspace/" />
    <property name="eclipse.launcher" value="D:\Users\User\eclipse\java-2019-12\eclipse\eclipse.exe" />
    <property name="env.OneDriveConsumer" value="C:\Users\User\OneDrive" />
    <property name="osgi.frameworkClassPath" value="., file:C:/Users/User/.p2/pool/plugins/org.eclipse.osgi.compatibility.state_1.1.600.v20190814-1451.jar, file:C:/Users/User/.p2/pool/plugins/org.eclipse.fx.osgi_1.2.0.201501301028.jar" />
    <property name="target" value="13" />
    <property name="eclipse.startTime" value="1608196695929" />
    <property name="env.ProgramFiles(x86)" value="C:\Program Files (x86)" />
    <property name="org.osgi.framework.os.version" value="10.0.0" />
    <property name="java.vm.info" value="mixed mode, sharing" />
    <property name="java.vm.version" value="15+36-1562" />
    <property name="env.FPS_BROWSER_USER_PROFILE_STRING" value="Default" />
    <property name="eclipse.p2.data.area" value="file:/C:/Users/User/.p2/" />
    <property name="env.TEMP" value="C:\Users\User\AppData\Local\Temp" />
    <property name="org.apache.commons.logging.Log" value="org.apache.commons.logging.impl.NoOpLog" />
    <property name="java.class.version" value="59.0" />
    <property name="env.OneDrive" value="C:\Users\User\OneDrive" />
    <property name="ant.project.default-target" value="build" />
  </properties>
  <error message="test.Testing" type="java.lang.ClassNotFoundException">java.lang.ClassNotFoundException: test.Testing
	at java.base/jdk.internal.loader.BuiltinClassLoader.loadClass(BuiltinClassLoader.java:606)
	at java.base/jdk.internal.loader.ClassLoaders$AppClassLoader.loadClass(ClassLoaders.java:168)
	at java.base/java.lang.ClassLoader.loadClass(ClassLoader.java:522)
	at java.base/java.lang.Class.forName0(Native Method)
	at java.base/java.lang.Class.forName(Class.java:468)
</error>
  <system-out><![CDATA[]]></system-out>
  <system-err><![CDATA[]]></system-err>
</testsuite>
